<?xml version="1.0" encoding="UTF-8"?>
<robot generator="Robot 6.1 (Python 3.9.11 on win32)" generated="20230921 18:00:56.513" rpa="false" schemaversion="4">
<suite id="s1" name="Test" source="C:\Users\DELL\PycharmProjects\robotframework\automation\test.robot">
<test id="s1-t1" name="amazon" line="17">
<kw name="Open Browser" library="SeleniumLibrary">
<arg>${url}</arg>
<arg>${browser}</arg>
<doc>Opens a new browser instance to the optional ``url``.</doc>
<msg timestamp="20230921 18:01:02.489" level="INFO">Opening browser 'chrome' to base url 'https://www.google.com'.</msg>
<status status="PASS" starttime="20230921 18:01:02.488" endtime="20230921 18:02:23.887"/>
</kw>
<kw name="Search Website">
<arg>${googlesearchText}</arg>
<kw name="Input Text" library="SeleniumLibrary">
<arg>${GoogleSearch_txt}</arg>
<arg>${serchText}</arg>
<doc>Types the given ``text`` into the text field identified by ``locator``.</doc>
<msg timestamp="20230921 18:02:23.892" level="INFO">Typing text 'Amazon' into text field 'xpath://textarea[@id='APjFqb']'.</msg>
<status status="PASS" starttime="20230921 18:02:23.890" endtime="20230921 18:02:28.182"/>
</kw>
<kw name="Press Keys" library="SeleniumLibrary">
<arg>${GoogleSearch_PressKeys}</arg>
<arg>ENTER</arg>
<doc>Simulates the user pressing key(s) to an element or on the active browser.</doc>
<msg timestamp="20230921 18:02:28.184" level="INFO">Sending key(s) ('ENTER',) to xpath://textarea[@id='APjFqb'] element.</msg>
<msg timestamp="20230921 18:02:29.934" level="INFO">Pressing special key ENTER to element.</msg>
<msg timestamp="20230921 18:02:29.935" level="INFO">Releasing special key ENTER.</msg>
<status status="PASS" starttime="20230921 18:02:28.182" endtime="20230921 18:03:06.096"/>
</kw>
<kw name="Click Element" library="SeleniumLibrary">
<arg>${ClickOnLink}</arg>
<doc>Click the element identified by ``locator``.</doc>
<msg timestamp="20230921 18:03:06.100" level="INFO">Clicking element 'xpath://h3[contains(text(),'Amazon.in')]'.</msg>
<status status="PASS" starttime="20230921 18:03:06.097" endtime="20230921 18:03:46.093"/>
</kw>
<status status="PASS" starttime="20230921 18:02:23.889" endtime="20230921 18:03:46.094"/>
</kw>
<kw name="Select From Search in DropDown">
<arg>${selectdropdownItem}</arg>
<kw name="Select From List By Label" library="SeleniumLibrary">
<arg>${SelectFromDropDown}</arg>
<arg>${selectdropdownItem}</arg>
<doc>Selects options from selection list ``locator`` by ``labels``.</doc>
<msg timestamp="20230921 18:03:46.108" level="INFO">Selecting options from selection list 'xpath://select[@id='searchDropdownBox']' by label Electronics.</msg>
<status status="PASS" starttime="20230921 18:03:46.100" endtime="20230921 18:03:52.107"/>
</kw>
<status status="PASS" starttime="20230921 18:03:46.098" endtime="20230921 18:03:52.108"/>
</kw>
<kw name="Enter search text in search box">
<arg>${SearcProduct}</arg>
<kw name="Input Text" library="SeleniumLibrary">
<arg>${Search_Item}</arg>
<arg>${SearchProduct}</arg>
<doc>Types the given ``text`` into the text field identified by ``locator``.</doc>
<msg timestamp="20230921 18:03:52.111" level="INFO">Typing text 'Dell computers' into text field 'xpath://input[@id='twotabsearchtextbox']'.</msg>
<status status="PASS" starttime="20230921 18:03:52.111" endtime="20230921 18:03:52.569"/>
</kw>
<kw name="Click Element" library="SeleniumLibrary">
<arg>${Icon_Search_Click}</arg>
<doc>Click the element identified by ``locator``.</doc>
<msg timestamp="20230921 18:03:52.571" level="INFO">Clicking element 'xpath: //input[@id='nav-search-submit-button']'.</msg>
<status status="PASS" starttime="20230921 18:03:52.569" endtime="20230921 18:04:33.117"/>
</kw>
<status status="PASS" starttime="20230921 18:03:52.110" endtime="20230921 18:04:33.118"/>
</kw>
<kw name="Apply Filter for range value">
<arg>${lowerPrice}</arg>
<arg>${higherrPrice}</arg>
<kw name="Input Text" library="SeleniumLibrary">
<arg>${filter_lowerPrice}</arg>
<arg>${lowerPrice}</arg>
<doc>Types the given ``text`` into the text field identified by ``locator``.</doc>
<msg timestamp="20230921 18:04:33.121" level="INFO">Typing text '30000' into text field 'xpath://input[@id='low-price']'.</msg>
<status status="PASS" starttime="20230921 18:04:33.120" endtime="20230921 18:04:33.400"/>
</kw>
<kw name="Input Text" library="SeleniumLibrary">
<arg>${filter_higherPrice}</arg>
<arg>${higherrPrice}</arg>
<doc>Types the given ``text`` into the text field identified by ``locator``.</doc>
<msg timestamp="20230921 18:04:33.402" level="INFO">Typing text '50000' into text field 'xpath://input[@id='high-price']'.</msg>
<status status="PASS" starttime="20230921 18:04:33.401" endtime="20230921 18:04:37.335"/>
</kw>
<kw name="Click Element" library="SeleniumLibrary">
<arg>${btn_Go}</arg>
<doc>Click the element identified by ``locator``.</doc>
<msg timestamp="20230921 18:04:37.336" level="INFO">Clicking element 'xpath://input[@class='a-button-input']'.</msg>
<status status="PASS" starttime="20230921 18:04:37.336" endtime="20230921 18:04:45.871"/>
</kw>
<kw name="Get Element Count" library="SeleniumLibrary">
<var>${count}</var>
<arg>${count_elements}</arg>
<doc>Returns the number of elements matching ``locator``.</doc>
<msg timestamp="20230921 18:04:45.929" level="INFO">${count} = 30</msg>
<status status="PASS" starttime="20230921 18:04:45.871" endtime="20230921 18:04:45.929"/>
</kw>
<kw name="Log To Console" library="BuiltIn">
<arg>${count}</arg>
<doc>Logs the given message to the console.</doc>
<status status="PASS" starttime="20230921 18:04:45.930" endtime="20230921 18:04:45.930"/>
</kw>
<kw name="Get WebElements" library="SeleniumLibrary">
<var>${itellist}</var>
<arg>${get_element_list}</arg>
<doc>Returns a list of WebElement objects matching the ``locator``.</doc>
<msg timestamp="20230921 18:04:45.958" level="INFO">${itellist} = [&lt;selenium.webdriver.remote.webelement.WebElement (session="c5e966b0ce4e5625b0667e0d63149776", element="3FC4B0E8B8A8AB8BE86DC9988C9EBBC9_element_202")&gt;, &lt;selenium.webdriver.remote.webelement.WebElemen...</msg>
<status status="PASS" starttime="20230921 18:04:45.930" endtime="20230921 18:04:45.958"/>
</kw>
<kw name="Get Location" library="SeleniumLibrary">
<var>${currUrl1}</var>
<doc>Returns the current browser window URL.</doc>
<msg timestamp="20230921 18:04:45.968" level="INFO">${currUrl1} = https://www.amazon.in/s?k=Dell+computers&amp;i=electronics&amp;rh=p_36%3A3000000-5000000&amp;qid=1695299645&amp;rnid=1318502031&amp;ref=sr_nr_p_36_5</msg>
<status status="PASS" starttime="20230921 18:04:45.958" endtime="20230921 18:04:45.968"/>
</kw>
<for flavor="IN RANGE">
<var>${i}</var>
<value>1</value>
<value>${count}</value>
<iter>
<var name="${i}">1</var>
<kw name="Get Text" library="SeleniumLibrary">
<var>${title}</var>
<arg>xpath:(//*[contains(@class,'sg-col-20-of-24 s-r')])[${i}]</arg>
<doc>Returns the text value of the element identified by ``locator``.</doc>
<msg timestamp="20230921 18:04:48.196" level="INFO">${title} = Sponsored
Acer Veriton Core i3 10105T Processor (Windows 11 Home, 8GB RAM, 512 GB SSD) with WiFi, Wireless Keyboard and Mouse, 3.6 KG
1.0
(1)
Deal of the Day
₹32,299 M.R.P:
₹45,999 (30% off)
Save extr...</msg>
<status status="PASS" starttime="20230921 18:04:45.970" endtime="20230921 18:04:48.410"/>
</kw>
<status status="PASS" starttime="20230921 18:04:45.969" endtime="20230921 18:04:48.410"/>
</iter>
<iter>
<var name="${i}">2</var>
<kw name="Get Text" library="SeleniumLibrary">
<var>${title}</var>
<arg>xpath:(//*[contains(@class,'sg-col-20-of-24 s-r')])[${i}]</arg>
<doc>Returns the text value of the element identified by ``locator``.</doc>
<msg timestamp="20230921 18:04:48.555" level="INFO">${title} = Dell Vostro 3425 Laptop, Ryzen R5-5625U, 8GB DDR4, 512GB SSD, 14.0" (35.56Cms) FHD WVA AG 250 nits, Windows 11 + MSO'21, McAfee 15 Months, Carbon Black, 1.48Kgs
5.0
(3)
₹47,190 M.R.P:
₹68,145 (31% off...</msg>
<status status="PASS" starttime="20230921 18:04:48.411" endtime="20230921 18:04:48.555"/>
</kw>
<status status="PASS" starttime="20230921 18:04:48.411" endtime="20230921 18:04:48.555"/>
</iter>
<iter>
<var name="${i}">3</var>
<kw name="Get Text" library="SeleniumLibrary">
<var>${title}</var>
<arg>xpath:(//*[contains(@class,'sg-col-20-of-24 s-r')])[${i}]</arg>
<doc>Returns the text value of the element identified by ``locator``.</doc>
<msg timestamp="20230921 18:04:48.796" level="INFO">${title} = Dell 14 Laptop, Intel Core 11th Gen i3-1115G4/ 8GB/ 512GB /14.0"(35.56cm) FHD Display with Comfort View/Windows 11 + MSO'21/15 Month McAfee/Spill-Resistant Keyboard/Carbon Black Color/1.48kg
4.0
(201)...</msg>
<status status="PASS" starttime="20230921 18:04:48.653" endtime="20230921 18:04:48.796"/>
</kw>
<status status="PASS" starttime="20230921 18:04:48.652" endtime="20230921 18:04:48.796"/>
</iter>
<iter>
<var name="${i}">4</var>
<kw name="Get Text" library="SeleniumLibrary">
<var>${title}</var>
<arg>xpath:(//*[contains(@class,'sg-col-20-of-24 s-r')])[${i}]</arg>
<doc>Returns the text value of the element identified by ``locator``.</doc>
<msg timestamp="20230921 18:04:48.904" level="INFO">${title} = Refurbished
(Refurbished) Dell Vostro 3420 Laptop, Intel i3-1115G4, 8GB DDR4 &amp; 512GB SSD, Win 11 + MSO'21, 14.0" (35
1.0
(1)
₹31,016 New Price:
₹36,490 (15% off)
Save extra with No Cost EMI
FREE deliv...</msg>
<status status="PASS" starttime="20230921 18:04:48.796" endtime="20230921 18:04:48.904"/>
</kw>
<status status="PASS" starttime="20230921 18:04:48.796" endtime="20230921 18:04:48.904"/>
</iter>
<iter>
<var name="${i}">5</var>
<kw name="Get Text" library="SeleniumLibrary">
<var>${title}</var>
<arg>xpath:(//*[contains(@class,'sg-col-20-of-24 s-r')])[${i}]</arg>
<doc>Returns the text value of the element identified by ``locator``.</doc>
<msg timestamp="20230921 18:04:49.019" level="INFO">${title} = Refurbished
(Refurbished) Dell Latitude 7390 8th Gen Intel Core i7 Thin &amp; Light Business FHD Laptop (16 GB DDR4 RAM/512 GB SSD/13.3" (33.8 cm) FHD/Windows 11/MS Office/WiFi/Webcam/Integrated Graphics)...</msg>
<status status="PASS" starttime="20230921 18:04:48.904" endtime="20230921 18:04:49.020"/>
</kw>
<status status="PASS" starttime="20230921 18:04:48.904" endtime="20230921 18:04:49.020"/>
</iter>
<iter>
<var name="${i}">6</var>
<kw name="Get Text" library="SeleniumLibrary">
<var>${title}</var>
<arg>xpath:(//*[contains(@class,'sg-col-20-of-24 s-r')])[${i}]</arg>
<doc>Returns the text value of the element identified by ``locator``.</doc>
<msg timestamp="20230921 18:04:49.148" level="INFO">${title} = Dell New_2022 Inspiron Desktop 3910 MT || Intel Core i3-12th Generation || 8GB Ram || 1TB HDD +256 GB_M.2_SSD || Windows 11 Home+Office 2021 || 1 Yr_Warranty || Worth 999 Brand_Headphone ( Black )
3.9...</msg>
<status status="PASS" starttime="20230921 18:04:49.020" endtime="20230921 18:04:49.148"/>
</kw>
<status status="PASS" starttime="20230921 18:04:49.020" endtime="20230921 18:04:49.148"/>
</iter>
<iter>
<var name="${i}">7</var>
<kw name="Get Text" library="SeleniumLibrary">
<var>${title}</var>
<arg>xpath:(//*[contains(@class,'sg-col-20-of-24 s-r')])[${i}]</arg>
<doc>Returns the text value of the element identified by ``locator``.</doc>
<msg timestamp="20230921 18:04:49.251" level="INFO">${title} = Refurbished
(Refurbished) Dell Latitude 7400 Laptop - 14.0" FHD AG W/ IR Cam - 1.9 GHz Intel Core i7-8665U Quad-Core
4.6
(6)
₹31,895 M.R.P.:
₹98,900 (67% off)
Save extra with No Cost EMI
FREE delivery...</msg>
<status status="PASS" starttime="20230921 18:04:49.148" endtime="20230921 18:04:49.252"/>
</kw>
<status status="PASS" starttime="20230921 18:04:49.148" endtime="20230921 18:04:49.252"/>
</iter>
<iter>
<var name="${i}">8</var>
<kw name="Get Text" library="SeleniumLibrary">
<var>${title}</var>
<arg>xpath:(//*[contains(@class,'sg-col-20-of-24 s-r')])[${i}]</arg>
<doc>Returns the text value of the element identified by ``locator``.</doc>
<msg timestamp="20230921 18:04:49.337" level="INFO">${title} = Refurbished
(Refurbished) Dell Latitude Laptop 5490 Intel Core i5 7th Gen -Processor , 16 GB Ram &amp; 2TB SSD, 14 Inches FHD 1080p Screen Notebook Computer
₹32,529 M.R.P.:
₹1,00,000 (67% off)
10% Off on ...</msg>
<status status="PASS" starttime="20230921 18:04:49.252" endtime="20230921 18:04:49.337"/>
</kw>
<status status="PASS" starttime="20230921 18:04:49.252" endtime="20230921 18:04:49.337"/>
</iter>
<iter>
<var name="${i}">9</var>
<kw name="Get Text" library="SeleniumLibrary">
<var>${title}</var>
<arg>xpath:(//*[contains(@class,'sg-col-20-of-24 s-r')])[${i}]</arg>
<doc>Returns the text value of the element identified by ``locator``.</doc>
<msg timestamp="20230921 18:04:49.435" level="INFO">${title} = Refurbished
(Refurbished) Dell Vostro 3420 Laptop, Intel Core i5-1135G7, 8GB/ 512GB SSD/ 14.0" FHD WVA AG 250 nits/W
1.0
(1)
₹41,216
50 New Price:
₹48,490 (15% off)
Save extra with No Cost EMI
FREE de...</msg>
<status status="PASS" starttime="20230921 18:04:49.337" endtime="20230921 18:04:49.435"/>
</kw>
<status status="PASS" starttime="20230921 18:04:49.337" endtime="20230921 18:04:49.436"/>
</iter>
<iter>
<var name="${i}">10</var>
<kw name="Get Text" library="SeleniumLibrary">
<var>${title}</var>
<arg>xpath:(//*[contains(@class,'sg-col-20-of-24 s-r')])[${i}]</arg>
<doc>Returns the text value of the element identified by ``locator``.</doc>
<msg timestamp="20230921 18:04:49.558" level="INFO">${title} = Dell Inspiron 3525 Laptop, AMD Ryzen R3-5300U/8GB/512GB SSD/15.6" (39.62CMs) FHD WVA AG Narrow Border 120Hz 250 nits/Windows 11+MSO'21/15 Month McAfee/Carbon Black/1.68KGs
4.0
(7)
Deal of the Day
₹35,...</msg>
<status status="PASS" starttime="20230921 18:04:49.436" endtime="20230921 18:04:49.558"/>
</kw>
<status status="PASS" starttime="20230921 18:04:49.436" endtime="20230921 18:04:49.558"/>
</iter>
<iter>
<var name="${i}">11</var>
<kw name="Get Text" library="SeleniumLibrary">
<var>${title}</var>
<arg>xpath:(//*[contains(@class,'sg-col-20-of-24 s-r')])[${i}]</arg>
<doc>Returns the text value of the element identified by ``locator``.</doc>
<msg timestamp="20230921 18:04:49.715" level="INFO">${title} = Refurbished
(Refurbished) Dell Latitude 7280 (Intel Core I5 7Th Gen/8GB/512GB SSD/Webcam/12.5''/Win 10 Pro)
3.2
(105)
₹22,999 M.R.P.:
₹1,00,000 (77% off)
Save extra with No Cost EMI
FREE delivery Mon,...</msg>
<status status="PASS" starttime="20230921 18:04:49.559" endtime="20230921 18:04:49.715"/>
</kw>
<status status="PASS" starttime="20230921 18:04:49.559" endtime="20230921 18:04:49.715"/>
</iter>
<iter>
<var name="${i}">12</var>
<kw name="Get Text" library="SeleniumLibrary">
<var>${title}</var>
<arg>xpath:(//*[contains(@class,'sg-col-20-of-24 s-r')])[${i}]</arg>
<doc>Returns the text value of the element identified by ``locator``.</doc>
<msg timestamp="20230921 18:04:49.814" level="INFO">${title} = Refurbished
(Refurbished) Dell Intel DELL LATITUDE 7490 Windows 10 Pro - CORE i7 8TH GEN/8GB/512GB SSD/WEBCAM/14'' T
2.7
(54)
₹30,295 M.R.P.:
₹60,000 (49% off)
Save extra with No Cost EMI
FREE deliver...</msg>
<status status="PASS" starttime="20230921 18:04:49.715" endtime="20230921 18:04:49.815"/>
</kw>
<status status="PASS" starttime="20230921 18:04:49.715" endtime="20230921 18:04:49.815"/>
</iter>
<iter>
<var name="${i}">13</var>
<kw name="Get Text" library="SeleniumLibrary">
<var>${title}</var>
<arg>xpath:(//*[contains(@class,'sg-col-20-of-24 s-r')])[${i}]</arg>
<doc>Returns the text value of the element identified by ``locator``.</doc>
<msg timestamp="20230921 18:04:49.915" level="INFO">${title} = Dell 15 Laptop, Intel Core i5-1135G7 Processor/ 8GB/ 512GB/15.6" (39.62cm) FHD with Comfort View/Mobile Connect/Backlit KB + FPR/Windows 11 + MSO'21/15 Months McAfee/Dark Silver/ 1.69kg
3.8
(78)
Deal ...</msg>
<status status="PASS" starttime="20230921 18:04:49.815" endtime="20230921 18:04:49.915"/>
</kw>
<status status="PASS" starttime="20230921 18:04:49.815" endtime="20230921 18:04:49.915"/>
</iter>
<iter>
<var name="${i}">14</var>
<kw name="Get Text" library="SeleniumLibrary">
<var>${title}</var>
<arg>xpath:(//*[contains(@class,'sg-col-20-of-24 s-r')])[${i}]</arg>
<doc>Returns the text value of the element identified by ``locator``.</doc>
<msg timestamp="20230921 18:04:50.013" level="INFO">${title} = Dell 14 Laptop, Intel 12th Gen Core i3-1215U/8GB &amp; 512GB SSD/14.0" (35.56cm) FHD, TUV Rheinland Certified Comfortview Reduce Harmful Blue Light Emissions/ Windows11+MSO'21/15 Month McAfee/Black/1.48kg...</msg>
<status status="PASS" starttime="20230921 18:04:49.916" endtime="20230921 18:04:50.013"/>
</kw>
<status status="PASS" starttime="20230921 18:04:49.916" endtime="20230921 18:04:50.013"/>
</iter>
<iter>
<var name="${i}">15</var>
<kw name="Get Text" library="SeleniumLibrary">
<var>${title}</var>
<arg>xpath:(//*[contains(@class,'sg-col-20-of-24 s-r')])[${i}]</arg>
<doc>Returns the text value of the element identified by ``locator``.</doc>
<msg timestamp="20230921 18:04:50.114" level="INFO">${title} = Sponsored
Dell Inspiron 3511 Laptop, Intel Core i3-1115G4, 15.6" (39.6Cms) FHD WVA AG Narrow Border, 8GB, 256GB SSD, Win11 + MSO'21, Platinum Silver Color (D560649WIN9S, 1.8Kgs)
3.4
(47)
₹37,990 M.R.P...</msg>
<status status="PASS" starttime="20230921 18:04:50.014" endtime="20230921 18:04:50.114"/>
</kw>
<status status="PASS" starttime="20230921 18:04:50.013" endtime="20230921 18:04:50.114"/>
</iter>
<iter>
<var name="${i}">16</var>
<kw name="Get Text" library="SeleniumLibrary">
<var>${title}</var>
<arg>xpath:(//*[contains(@class,'sg-col-20-of-24 s-r')])[${i}]</arg>
<doc>Returns the text value of the element identified by ``locator``.</doc>
<msg timestamp="20230921 18:04:50.252" level="INFO">${title} = Sponsored
Dell New Inspiron 3511 Laptop,11th Gen Intel Core I3-1115G4, Windows 11 + MSO'21, 8Gb, 512Gb SSD, 15.6" (39.62Cms) FHD WVA Ag, Platinum Silver (D560749Win9S, 1.8Kgs)
3.5
(40)
₹40,990 M.R.P:
...</msg>
<status status="PASS" starttime="20230921 18:04:50.115" endtime="20230921 18:04:50.253"/>
</kw>
<status status="PASS" starttime="20230921 18:04:50.114" endtime="20230921 18:04:50.253"/>
</iter>
<iter>
<var name="${i}">17</var>
<kw name="Get Text" library="SeleniumLibrary">
<var>${title}</var>
<arg>xpath:(//*[contains(@class,'sg-col-20-of-24 s-r')])[${i}]</arg>
<doc>Returns the text value of the element identified by ``locator``.</doc>
<msg timestamp="20230921 18:04:50.361" level="INFO">${title} = Dell 14 AMD Laptop, AMD Ryzen 5 Series R5-5500U/ 8GB/ 512GB/ 14.0" (35.56cm) FHD Display with Comfort View/Windows 11 + MSO'21/15 Month McAfee/Spill-Resistant Keyboard/Carbon Black/ 1.48kg
3.1
(38)
De...</msg>
<status status="PASS" starttime="20230921 18:04:50.253" endtime="20230921 18:04:50.361"/>
</kw>
<status status="PASS" starttime="20230921 18:04:50.253" endtime="20230921 18:04:50.361"/>
</iter>
<iter>
<var name="${i}">18</var>
<kw name="Get Text" library="SeleniumLibrary">
<var>${title}</var>
<arg>xpath:(//*[contains(@class,'sg-col-20-of-24 s-r')])[${i}]</arg>
<doc>Returns the text value of the element identified by ``locator``.</doc>
<msg timestamp="20230921 18:04:50.456" level="INFO">${title} = Dell 14 Laptop, Intel Core i3-1115G4, 8GB DDR4, 512GB SSD, 14.0" (35.56Ccm) FHD + TÜV Rheinland Certified Comfort View-Reduce Harmful Blue Light/Windows 11+ MSO'21/15 Month McAfee/Dark Silver/1.48kg
3...</msg>
<status status="PASS" starttime="20230921 18:04:50.362" endtime="20230921 18:04:50.456"/>
</kw>
<status status="PASS" starttime="20230921 18:04:50.362" endtime="20230921 18:04:50.457"/>
</iter>
<iter>
<var name="${i}">19</var>
<kw name="Get Text" library="SeleniumLibrary">
<var>${title}</var>
<arg>xpath:(//*[contains(@class,'sg-col-20-of-24 s-r')])[${i}]</arg>
<doc>Returns the text value of the element identified by ``locator``.</doc>
<msg timestamp="20230921 18:04:50.564" level="INFO">${title} = Dell 14 Laptop, Intel Core i5-1135G7 Processor/ 8GB/ 512GB SSD/14.0" (35.56cm) FHD Display with Comfort View/Windows 11 + MSO'21/ Spill-Resistant Keyboard/ 15 Month McAfee/Black /1.48kg
3.8
(111)
Deal...</msg>
<status status="PASS" starttime="20230921 18:04:50.457" endtime="20230921 18:04:50.564"/>
</kw>
<status status="PASS" starttime="20230921 18:04:50.457" endtime="20230921 18:04:50.565"/>
</iter>
<iter>
<var name="${i}">20</var>
<kw name="Get Text" library="SeleniumLibrary">
<var>${title}</var>
<arg>xpath:(//*[contains(@class,'sg-col-20-of-24 s-r')])[${i}]</arg>
<doc>Returns the text value of the element identified by ``locator``.</doc>
<msg timestamp="20230921 18:04:50.677" level="INFO">${title} = Dell 15 Laptop, Intel Core i3-1115G4, 8GB/1TB + 256GB SSD/15.6" (39.62cm) FHD with Comfort View/Mobile Connect/Windows 11 + MSO'21/15 Month McAfee/Spill-Resistant Keyboard/Carbon/ 1.69kg
3.3
(8)
Deal ...</msg>
<status status="PASS" starttime="20230921 18:04:50.565" endtime="20230921 18:04:50.677"/>
</kw>
<status status="PASS" starttime="20230921 18:04:50.565" endtime="20230921 18:04:50.677"/>
</iter>
<iter>
<var name="${i}">21</var>
<kw name="Get Text" library="SeleniumLibrary">
<var>${title}</var>
<arg>xpath:(//*[contains(@class,'sg-col-20-of-24 s-r')])[${i}]</arg>
<doc>Returns the text value of the element identified by ``locator``.</doc>
<msg timestamp="20230921 18:04:50.783" level="INFO">${title} = Dell Vostro 3510 Laptop, Intel i3-1115G4, 8GB/512GB SSD/15.6" (39.62cm) FHD, TÜV Rheinland Certified Comfortview Reduce Harmful Blue Light Emissions/Win 11 + MSO'21/15 Months McAfee/Dark Silver/1.69kg...</msg>
<status status="PASS" starttime="20230921 18:04:50.677" endtime="20230921 18:04:50.783"/>
</kw>
<status status="PASS" starttime="20230921 18:04:50.677" endtime="20230921 18:04:50.783"/>
</iter>
<iter>
<var name="${i}">22</var>
<kw name="Get Text" library="SeleniumLibrary">
<var>${title}</var>
<arg>xpath:(//*[contains(@class,'sg-col-20-of-24 s-r')])[${i}]</arg>
<doc>Returns the text value of the element identified by ``locator``.</doc>
<msg timestamp="20230921 18:04:50.914" level="INFO">${title} = Dell 14 AMD Laptop, Ryzen 3-5425U/8GB DDR4/256GB SSD/Windows 11 + MSO'21/14.0"(35.56 cm) FHD, TÜV Rheinland Certified Comfortview Reduce Harmful Blue light/15 Month McAfee/Carbon Black/1.48kg
3.7
(20)...</msg>
<status status="PASS" starttime="20230921 18:04:50.784" endtime="20230921 18:04:50.914"/>
</kw>
<status status="PASS" starttime="20230921 18:04:50.783" endtime="20230921 18:04:50.914"/>
</iter>
<iter>
<var name="${i}">23</var>
<kw name="Get Text" library="SeleniumLibrary">
<var>${title}</var>
<arg>xpath:(//*[contains(@class,'sg-col-20-of-24 s-r')])[${i}]</arg>
<doc>Returns the text value of the element identified by ``locator``.</doc>
<msg timestamp="20230921 18:04:51.015" level="INFO">${title} = Dell Inspiron 3520 Laptop,12th Gen Intel Core i3-1215, Windows 11 + MSO'21, McAfee 15 Months, 8GB, 512GB SSD, 15.6" (39.62Cms) 3 Sided Narrow Border Design with 120Hz FHD Display, Black, 1.65Kgs
3.4
(...</msg>
<status status="PASS" starttime="20230921 18:04:50.914" endtime="20230921 18:04:51.016"/>
</kw>
<status status="PASS" starttime="20230921 18:04:50.914" endtime="20230921 18:04:51.016"/>
</iter>
<iter>
<var name="${i}">24</var>
<kw name="Get Text" library="SeleniumLibrary">
<var>${title}</var>
<arg>xpath:(//*[contains(@class,'sg-col-20-of-24 s-r')])[${i}]</arg>
<doc>Returns the text value of the element identified by ``locator``.</doc>
<msg timestamp="20230921 18:04:51.110" level="INFO">${title} = Dell 14 Laptop, Intel Core 12th Generation i3-1215U/ 8GB/ 512GB SSD/ 14.0"(35.56cm) FHD with Comfort View/Windows 11 + MSO'21/15 Month McAfee/Dark Silver/Spill-Resistant Keyboard/ 1.48kg
4.5
(2)
₹44,9...</msg>
<status status="PASS" starttime="20230921 18:04:51.016" endtime="20230921 18:04:51.110"/>
</kw>
<status status="PASS" starttime="20230921 18:04:51.016" endtime="20230921 18:04:51.111"/>
</iter>
<iter>
<var name="${i}">25</var>
<kw name="Get Text" library="SeleniumLibrary">
<var>${title}</var>
<arg>xpath:(//*[contains(@class,'sg-col-20-of-24 s-r')])[${i}]</arg>
<doc>Returns the text value of the element identified by ``locator``.</doc>
<msg timestamp="20230921 18:04:51.211" level="INFO">${title} = Dell Vostro 3520 Laptop, Intel i3-1115G4/8GB/512GB SSD/15.6" (39.62cm) FHD AG 120Hz 250 nits Narrow Border/Win11+MSO'21/15 Month McAfee/Carbon Black/1.66kg
4.5
(2)
Deal of the Day
₹38,490 M.R.P:
₹49,8...</msg>
<status status="PASS" starttime="20230921 18:04:51.111" endtime="20230921 18:04:51.212"/>
</kw>
<status status="PASS" starttime="20230921 18:04:51.111" endtime="20230921 18:04:51.212"/>
</iter>
<iter>
<var name="${i}">26</var>
<kw name="Get Text" library="SeleniumLibrary">
<var>${title}</var>
<arg>xpath:(//*[contains(@class,'sg-col-20-of-24 s-r')])[${i}]</arg>
<doc>Returns the text value of the element identified by ``locator``.</doc>
<msg timestamp="20230921 18:04:51.315" level="INFO">${title} = Dell 13th Gen Laptop, Intel Core i3-1305U Processor/ 8GB/ 512GB SSD/ 14.0" (35.56cm) FHD with Comfort View/Windows 11 + MSO'21/15 Month McAfee/Spill-Resistant Keyboard/Carbon Black/ 1.46kg
4.0
(201)
D...</msg>
<status status="PASS" starttime="20230921 18:04:51.212" endtime="20230921 18:04:51.315"/>
</kw>
<status status="PASS" starttime="20230921 18:04:51.212" endtime="20230921 18:04:51.315"/>
</iter>
<iter>
<var name="${i}">27</var>
<kw name="Get Text" library="SeleniumLibrary">
<var>${title}</var>
<arg>xpath:(//*[contains(@class,'sg-col-20-of-24 s-r')])[${i}]</arg>
<doc>Returns the text value of the element identified by ``locator``.</doc>
<msg timestamp="20230921 18:04:51.412" level="INFO">${title} = Dell Inspiron 3520 Laptop,11th Gen Intel Core i3-1115G4, Windows 11 + MSO'21, McAfee 15 Months, 8GB, 512GB SSD, 15.6" (39.62Cms) 3 Sided Narrow Border Design with 120Hz FHD Display, Black, 1.65Kgs
5.0...</msg>
<status status="PASS" starttime="20230921 18:04:51.315" endtime="20230921 18:04:51.412"/>
</kw>
<status status="PASS" starttime="20230921 18:04:51.315" endtime="20230921 18:04:51.412"/>
</iter>
<iter>
<var name="${i}">28</var>
<kw name="Get Text" library="SeleniumLibrary">
<var>${title}</var>
<arg>xpath:(//*[contains(@class,'sg-col-20-of-24 s-r')])[${i}]</arg>
<doc>Returns the text value of the element identified by ``locator``.</doc>
<msg timestamp="20230921 18:04:51.525" level="INFO">${title} = Sponsored
Dell Inspiron 3511 Laptop, Intel Core i3-1115G4/8GB/256GB SSD/15.6" (39.62cm) 3-Sided Narrow Border Design with FHD Display/Windows 11 + MSO'21/McAfee 15 Months/Platinum Silver/1.8kg
3.5
(3)...</msg>
<status status="PASS" starttime="20230921 18:04:51.413" endtime="20230921 18:04:51.525"/>
</kw>
<status status="PASS" starttime="20230921 18:04:51.412" endtime="20230921 18:04:51.525"/>
</iter>
<iter>
<var name="${i}">29</var>
<kw name="Get Text" library="SeleniumLibrary">
<var>${title}</var>
<arg>xpath:(//*[contains(@class,'sg-col-20-of-24 s-r')])[${i}]</arg>
<doc>Returns the text value of the element identified by ``locator``.</doc>
<msg timestamp="20230921 18:04:51.634" level="INFO">${title} = Refurbished
Sponsored
(Refurbished) Dell Latitude Laptop 5490 Intel Core i5 7th Gen -Processor , 32 GB Ram &amp; 2TB SSD, 14 Inches FHD 1080p Screen Notebook Computer
₹34,990 M.R.P.:
₹89,990 (61% off)
Sav...</msg>
<status status="PASS" starttime="20230921 18:04:51.525" endtime="20230921 18:04:51.634"/>
</kw>
<status status="PASS" starttime="20230921 18:04:51.525" endtime="20230921 18:04:51.634"/>
</iter>
<status status="PASS" starttime="20230921 18:04:45.968" endtime="20230921 18:04:51.634"/>
</for>
<status status="PASS" starttime="20230921 18:04:33.119" endtime="20230921 18:04:51.634"/>
</kw>
<kw name="Items with rating 5">
<kw name="Get Element Count" library="SeleniumLibrary">
<var>${5ratingcount}</var>
<arg>${count_5_stars_rating}</arg>
<doc>Returns the number of elements matching ``locator``.</doc>
<msg timestamp="20230921 18:04:51.669" level="INFO">${5ratingcount} = 2</msg>
<status status="PASS" starttime="20230921 18:04:51.635" endtime="20230921 18:04:51.669"/>
</kw>
<kw name="Get Title" library="SeleniumLibrary">
<var>${curloc}</var>
<doc>Returns the title of the current page.</doc>
<msg timestamp="20230921 18:04:51.679" level="INFO">${curloc} = Amazon.in : Dell computers</msg>
<status status="PASS" starttime="20230921 18:04:51.669" endtime="20230921 18:04:51.679"/>
</kw>
<kw name="Log To Console" library="BuiltIn">
<arg>Number of 5 stars products count is: ${5ratingcount}</arg>
<doc>Logs the given message to the console.</doc>
<status status="PASS" starttime="20230921 18:04:51.679" endtime="20230921 18:04:51.680"/>
</kw>
<kw name="Sleep" library="BuiltIn">
<arg>2</arg>
<doc>Pauses the test executed for the given time.</doc>
<msg timestamp="20230921 18:04:53.824" level="INFO">Slept 2 seconds</msg>
<status status="PASS" starttime="20230921 18:04:51.680" endtime="20230921 18:04:53.824"/>
</kw>
<kw name="Get Location" library="SeleniumLibrary">
<var>${currloc}</var>
<doc>Returns the current browser window URL.</doc>
<msg timestamp="20230921 18:04:53.836" level="INFO">${currloc} = https://www.amazon.in/s?k=Dell+computers&amp;i=electronics&amp;rh=p_36%3A3000000-5000000&amp;qid=1695299645&amp;rnid=1318502031&amp;ref=sr_nr_p_36_5</msg>
<status status="PASS" starttime="20230921 18:04:53.824" endtime="20230921 18:04:53.836"/>
</kw>
<for flavor="IN RANGE">
<var>${i}</var>
<value>1</value>
<value>30</value>
<iter>
<var name="${i}">1</var>
<kw name="Get Text" library="SeleniumLibrary">
<var>${linkText}</var>
<arg>xpath:(//span[normalize-space()='5.0']//preceding::div[2])[${i}]</arg>
<doc>Returns the text value of the element identified by ``locator``.</doc>
<msg timestamp="20230921 18:04:53.890" level="INFO">${linkText} = </msg>
<status status="PASS" starttime="20230921 18:04:53.837" endtime="20230921 18:04:53.890"/>
</kw>
<kw name="Log To Console" library="BuiltIn">
<arg>${linkText}</arg>
<doc>Logs the given message to the console.</doc>
<status status="PASS" starttime="20230921 18:04:53.890" endtime="20230921 18:04:53.891"/>
</kw>
<kw name="Scroll Element Into View" library="SeleniumLibrary">
<arg>xpath:(//span[normalize-space()='5.0']//preceding::div[2])[${i}]</arg>
<doc>Scrolls the element identified by ``locator`` into view.</doc>
<status status="PASS" starttime="20230921 18:04:53.891" endtime="20230921 18:04:54.296"/>
</kw>
<kw name="Click Element" library="SeleniumLibrary">
<arg>xpath:(//span[normalize-space()='5.0']//preceding::div[2])[${i}]</arg>
<doc>Click the element identified by ``locator``.</doc>
<msg timestamp="20230921 18:04:54.297" level="INFO">Clicking element 'xpath:(//span[normalize-space()='5.0']//preceding::div[2])[1]'.</msg>
<status status="PASS" starttime="20230921 18:04:54.296" endtime="20230921 18:04:54.662"/>
</kw>
<kw name="Sleep" library="BuiltIn">
<arg>5</arg>
<doc>Pauses the test executed for the given time.</doc>
<msg timestamp="20230921 18:04:59.667" level="INFO">Slept 5 seconds</msg>
<status status="PASS" starttime="20230921 18:04:54.662" endtime="20230921 18:04:59.667"/>
</kw>
<kw name="Switch Window" library="SeleniumLibrary">
<arg>${curloc}</arg>
<doc>Switches to browser window matching ``locator``.</doc>
<status status="PASS" starttime="20230921 18:04:59.668" endtime="20230921 18:05:05.249"/>
</kw>
<status status="PASS" starttime="20230921 18:04:53.836" endtime="20230921 18:05:05.249"/>
</iter>
<iter>
<var name="${i}">2</var>
<kw name="Get Text" library="SeleniumLibrary">
<var>${linkText}</var>
<arg>xpath:(//span[normalize-space()='5.0']//preceding::div[2])[${i}]</arg>
<doc>Returns the text value of the element identified by ``locator``.</doc>
<msg timestamp="20230921 18:05:05.300" level="INFO">${linkText} = </msg>
<status status="PASS" starttime="20230921 18:05:05.250" endtime="20230921 18:05:05.300"/>
</kw>
<kw name="Log To Console" library="BuiltIn">
<arg>${linkText}</arg>
<doc>Logs the given message to the console.</doc>
<status status="PASS" starttime="20230921 18:05:05.300" endtime="20230921 18:05:05.300"/>
</kw>
<kw name="Scroll Element Into View" library="SeleniumLibrary">
<arg>xpath:(//span[normalize-space()='5.0']//preceding::div[2])[${i}]</arg>
<doc>Scrolls the element identified by ``locator`` into view.</doc>
<status status="PASS" starttime="20230921 18:05:05.301" endtime="20230921 18:05:05.651"/>
</kw>
<kw name="Click Element" library="SeleniumLibrary">
<arg>xpath:(//span[normalize-space()='5.0']//preceding::div[2])[${i}]</arg>
<doc>Click the element identified by ``locator``.</doc>
<msg timestamp="20230921 18:05:05.655" level="INFO">Clicking element 'xpath:(//span[normalize-space()='5.0']//preceding::div[2])[2]'.</msg>
<status status="PASS" starttime="20230921 18:05:05.652" endtime="20230921 18:05:05.923"/>
</kw>
<kw name="Sleep" library="BuiltIn">
<arg>5</arg>
<doc>Pauses the test executed for the given time.</doc>
<msg timestamp="20230921 18:05:10.933" level="INFO">Slept 5 seconds</msg>
<status status="PASS" starttime="20230921 18:05:05.924" endtime="20230921 18:05:10.933"/>
</kw>
<kw name="Switch Window" library="SeleniumLibrary">
<arg>${curloc}</arg>
<doc>Switches to browser window matching ``locator``.</doc>
<status status="PASS" starttime="20230921 18:05:10.933" endtime="20230921 18:05:12.030"/>
</kw>
<status status="PASS" starttime="20230921 18:05:05.249" endtime="20230921 18:05:12.031"/>
</iter>
<iter>
<var name="${i}">3</var>
<kw name="Get Text" library="SeleniumLibrary">
<var>${linkText}</var>
<arg>xpath:(//span[normalize-space()='5.0']//preceding::div[2])[${i}]</arg>
<doc>Returns the text value of the element identified by ``locator``.</doc>
<msg timestamp="20230921 18:05:14.591" level="INFO" html="true">&lt;/td&gt;&lt;/tr&gt;&lt;tr&gt;&lt;td colspan="3"&gt;&lt;a href="selenium-screenshot-3.png"&gt;&lt;img src="selenium-screenshot-3.png" width="800px"&gt;&lt;/a&gt;</msg>
<msg timestamp="20230921 18:05:14.596" level="FAIL">Element with locator 'xpath:(//span[normalize-space()='5.0']//preceding::div[2])[3]' not found.</msg>
<status status="FAIL" starttime="20230921 18:05:12.031" endtime="20230921 18:05:23.057"/>
</kw>
<kw name="Log To Console" library="BuiltIn">
<arg>${linkText}</arg>
<doc>Logs the given message to the console.</doc>
<status status="NOT RUN" starttime="20230921 18:05:23.058" endtime="20230921 18:05:23.060"/>
</kw>
<kw name="Scroll Element Into View" library="SeleniumLibrary">
<arg>xpath:(//span[normalize-space()='5.0']//preceding::div[2])[${i}]</arg>
<doc>Scrolls the element identified by ``locator`` into view.</doc>
<status status="NOT RUN" starttime="20230921 18:05:23.061" endtime="20230921 18:05:23.061"/>
</kw>
<kw name="Click Element" library="SeleniumLibrary">
<arg>xpath:(//span[normalize-space()='5.0']//preceding::div[2])[${i}]</arg>
<doc>Click the element identified by ``locator``.</doc>
<status status="NOT RUN" starttime="20230921 18:05:23.064" endtime="20230921 18:05:23.064"/>
</kw>
<kw name="Sleep" library="BuiltIn">
<arg>5</arg>
<doc>Pauses the test executed for the given time.</doc>
<status status="NOT RUN" starttime="20230921 18:05:23.065" endtime="20230921 18:05:23.066"/>
</kw>
<kw name="Switch Window" library="SeleniumLibrary">
<arg>${curloc}</arg>
<doc>Switches to browser window matching ``locator``.</doc>
<status status="NOT RUN" starttime="20230921 18:05:23.067" endtime="20230921 18:05:23.067"/>
</kw>
<status status="FAIL" starttime="20230921 18:05:12.031" endtime="20230921 18:05:23.068"/>
</iter>
<status status="FAIL" starttime="20230921 18:04:53.836" endtime="20230921 18:05:23.069"/>
</for>
<status status="FAIL" starttime="20230921 18:04:51.635" endtime="20230921 18:05:23.070"/>
</kw>
<status status="FAIL" starttime="20230921 18:01:02.487" endtime="20230921 18:05:23.076">Element with locator 'xpath:(//span[normalize-space()='5.0']//preceding::div[2])[3]' not found.</status>
</test>
<status status="FAIL" starttime="20230921 18:00:56.573" endtime="20230921 18:05:23.085"/>
</suite>
<statistics>
<total>
<stat pass="0" fail="1" skip="0">All Tests</stat>
</total>
<tag>
</tag>
<suite>
<stat pass="0" fail="1" skip="0" id="s1" name="Test">Test</stat>
</suite>
</statistics>
<errors>
</errors>
</robot>
