<?xml version="1.0" encoding="UTF-8"?>
<robot generator="Robot 6.1 (Python 3.9.11 on win32)" generated="20230921 18:53:35.916" rpa="false" schemaversion="4">
<suite id="s1" name="Test" source="C:\Users\DELL\PycharmProjects\robotframework\automation\test.robot">
<test id="s1-t1" name="Acces amazon using https://www.google.com chrome" line="18">
<kw name="Open Chrome browser">
<arg>https://www.google.com</arg>
<arg>chrome</arg>
<arg>Amozon</arg>
<arg>Electronics</arg>
<arg>Dell computers</arg>
<arg>30000</arg>
<arg>50000</arg>
<kw name="Open Browser" library="SeleniumLibrary">
<arg>${url}</arg>
<arg>${browser}</arg>
<doc>Opens a new browser instance to the optional ``url``.</doc>
<msg timestamp="20230921 18:53:45.134" level="INFO">Opening browser 'chrome' to base url 'https://www.google.com'.</msg>
<status status="PASS" starttime="20230921 18:53:45.134" endtime="20230921 18:54:31.618"/>
</kw>
<kw name="Set Selenium Implicit Wait" library="SeleniumLibrary">
<arg>10</arg>
<doc>Sets the implicit wait value used by Selenium.</doc>
<status status="PASS" starttime="20230921 18:54:31.618" endtime="20230921 18:54:31.621"/>
</kw>
<kw name="Maximize Browser Window" library="SeleniumLibrary">
<doc>Maximizes current browser window.</doc>
<status status="PASS" starttime="20230921 18:54:31.621" endtime="20230921 18:54:32.481"/>
</kw>
<kw name="Input Text" library="SeleniumLibrary">
<arg>${GoogleSearch_txt}</arg>
<arg>${googlesearchText}</arg>
<doc>Types the given ``text`` into the text field identified by ``locator``.</doc>
<msg timestamp="20230921 18:54:32.483" level="INFO">Typing text 'Amozon' into text field 'xpath://textarea[@id='APjFqb']'.</msg>
<status status="PASS" starttime="20230921 18:54:32.481" endtime="20230921 18:54:34.783"/>
</kw>
<kw name="Press Keys" library="SeleniumLibrary">
<arg>${GoogleSearch_PressKeys}</arg>
<arg>ENTER</arg>
<doc>Simulates the user pressing key(s) to an element or on the active browser.</doc>
<msg timestamp="20230921 18:54:34.786" level="INFO">Sending key(s) ('ENTER',) to xpath://textarea[@id='APjFqb'] element.</msg>
<msg timestamp="20230921 18:54:36.652" level="INFO">Pressing special key ENTER to element.</msg>
<msg timestamp="20230921 18:54:36.653" level="INFO">Releasing special key ENTER.</msg>
<status status="PASS" starttime="20230921 18:54:34.784" endtime="20230921 18:54:46.127"/>
</kw>
<kw name="Click Element" library="SeleniumLibrary">
<arg>${ClickOnLink}</arg>
<doc>Click the element identified by ``locator``.</doc>
<msg timestamp="20230921 18:54:46.129" level="INFO">Clicking element 'xpath://h3[contains(text(),'Amazon.in')]'.</msg>
<status status="PASS" starttime="20230921 18:54:46.128" endtime="20230921 18:55:19.509"/>
</kw>
<kw name="Select From List By Label" library="SeleniumLibrary">
<arg>${SelectFromDropDown}</arg>
<arg>${selectdropdownItem}</arg>
<doc>Selects options from selection list ``locator`` by ``labels``.</doc>
<msg timestamp="20230921 18:55:19.512" level="INFO">Selecting options from selection list 'xpath://select[@id='searchDropdownBox']' by label Electronics.</msg>
<status status="PASS" starttime="20230921 18:55:19.510" endtime="20230921 18:55:36.087"/>
</kw>
<kw name="Input Text" library="SeleniumLibrary">
<arg>${Search_Item}</arg>
<arg>${SearchProduct}</arg>
<doc>Types the given ``text`` into the text field identified by ``locator``.</doc>
<msg timestamp="20230921 18:55:36.097" level="FAIL">Variable '${SearchProduct}' not found. Did you mean:
    ${SearcProduct}</msg>
<status status="FAIL" starttime="20230921 18:55:36.088" endtime="20230921 18:55:36.097"/>
</kw>
<kw name="Click Element" library="SeleniumLibrary">
<arg>${Icon_Search_Click}</arg>
<doc>Click the element identified by ``locator``.</doc>
<status status="NOT RUN" starttime="20230921 18:55:36.099" endtime="20230921 18:55:36.099"/>
</kw>
<kw name="Input Text" library="SeleniumLibrary">
<arg>${filter_lowerPrice}</arg>
<arg>${lowerPrice}</arg>
<doc>Types the given ``text`` into the text field identified by ``locator``.</doc>
<status status="NOT RUN" starttime="20230921 18:55:36.099" endtime="20230921 18:55:36.099"/>
</kw>
<kw name="Input Text" library="SeleniumLibrary">
<arg>${filter_higherPrice}</arg>
<arg>${higherrPrice}</arg>
<doc>Types the given ``text`` into the text field identified by ``locator``.</doc>
<status status="NOT RUN" starttime="20230921 18:55:36.100" endtime="20230921 18:55:36.100"/>
</kw>
<kw name="Click Element" library="SeleniumLibrary">
<arg>${btn_Go}</arg>
<doc>Click the element identified by ``locator``.</doc>
<status status="NOT RUN" starttime="20230921 18:55:36.100" endtime="20230921 18:55:36.101"/>
</kw>
<kw name="Get Element Count" library="SeleniumLibrary">
<var>${count}</var>
<arg>${count_elements}</arg>
<doc>Returns the number of elements matching ``locator``.</doc>
<status status="NOT RUN" starttime="20230921 18:55:36.101" endtime="20230921 18:55:36.101"/>
</kw>
<kw name="Log To Console" library="BuiltIn">
<arg>${count}</arg>
<doc>Logs the given message to the console.</doc>
<status status="NOT RUN" starttime="20230921 18:55:36.102" endtime="20230921 18:55:36.102"/>
</kw>
<kw name="Get WebElements" library="SeleniumLibrary">
<var>${itellist}</var>
<arg>${get_element_list}</arg>
<doc>Returns a list of WebElement objects matching the ``locator``.</doc>
<status status="NOT RUN" starttime="20230921 18:55:36.103" endtime="20230921 18:55:36.103"/>
</kw>
<kw name="Get Location" library="SeleniumLibrary">
<var>${currUrl1}</var>
<doc>Returns the current browser window URL.</doc>
<status status="NOT RUN" starttime="20230921 18:55:36.104" endtime="20230921 18:55:36.104"/>
</kw>
<for flavor="IN RANGE">
<var>${i}</var>
<value>1</value>
<value>${count}</value>
<iter>
<var name="${i}"/>
<kw name="Get Text" library="SeleniumLibrary">
<var>${title}</var>
<arg>xpath:(//*[contains(@class,'sg-col-20-of-24 s-r')])[${i}]</arg>
<doc>Returns the text value of the element identified by ``locator``.</doc>
<status status="NOT RUN" starttime="20230921 18:55:36.288" endtime="20230921 18:55:36.288"/>
</kw>
<status status="NOT RUN" starttime="20230921 18:55:36.287" endtime="20230921 18:55:36.288"/>
</iter>
<status status="NOT RUN" starttime="20230921 18:55:36.287" endtime="20230921 18:55:36.288"/>
</for>
<kw name="Get Element Count" library="SeleniumLibrary">
<var>${5ratingcount}</var>
<arg>${count_5_stars_rating}</arg>
<doc>Returns the number of elements matching ``locator``.</doc>
<status status="NOT RUN" starttime="20230921 18:55:36.288" endtime="20230921 18:55:36.288"/>
</kw>
<kw name="Get Title" library="SeleniumLibrary">
<var>${curloc}</var>
<doc>Returns the title of the current page.</doc>
<status status="NOT RUN" starttime="20230921 18:55:36.288" endtime="20230921 18:55:36.288"/>
</kw>
<kw name="Log To Console" library="BuiltIn">
<arg>Number of 5 stars products count is: ${5ratingcount}</arg>
<doc>Logs the given message to the console.</doc>
<status status="NOT RUN" starttime="20230921 18:55:36.289" endtime="20230921 18:55:36.289"/>
</kw>
<kw name="Sleep" library="BuiltIn">
<arg>2</arg>
<doc>Pauses the test executed for the given time.</doc>
<status status="NOT RUN" starttime="20230921 18:55:36.289" endtime="20230921 18:55:36.289"/>
</kw>
<kw name="Get Location" library="SeleniumLibrary">
<var>${currloc}</var>
<doc>Returns the current browser window URL.</doc>
<status status="NOT RUN" starttime="20230921 18:55:36.289" endtime="20230921 18:55:36.289"/>
</kw>
<for flavor="IN RANGE">
<var>${i}</var>
<value>1</value>
<value>30</value>
<iter>
<var name="${i}"/>
<kw name="Get Text" library="SeleniumLibrary">
<var>${linkText}</var>
<arg>xpath:(//span[normalize-space()='5.0']//preceding::div[2])[${i}]</arg>
<doc>Returns the text value of the element identified by ``locator``.</doc>
<status status="NOT RUN" starttime="20230921 18:55:36.289" endtime="20230921 18:55:36.289"/>
</kw>
<kw name="Log To Console" library="BuiltIn">
<arg>${linkText}</arg>
<doc>Logs the given message to the console.</doc>
<status status="NOT RUN" starttime="20230921 18:55:36.290" endtime="20230921 18:55:36.290"/>
</kw>
<kw name="Scroll Element Into View" library="SeleniumLibrary">
<arg>xpath:(//span[normalize-space()='5.0']//preceding::div[2])[${i}]</arg>
<doc>Scrolls the element identified by ``locator`` into view.</doc>
<status status="NOT RUN" starttime="20230921 18:55:36.415" endtime="20230921 18:55:36.415"/>
</kw>
<kw name="Click Element" library="SeleniumLibrary">
<arg>xpath:(//span[normalize-space()='5.0']//preceding::div[2])[${i}]</arg>
<doc>Click the element identified by ``locator``.</doc>
<status status="NOT RUN" starttime="20230921 18:55:36.416" endtime="20230921 18:55:36.416"/>
</kw>
<kw name="Sleep" library="BuiltIn">
<arg>5</arg>
<doc>Pauses the test executed for the given time.</doc>
<status status="NOT RUN" starttime="20230921 18:55:36.416" endtime="20230921 18:55:36.416"/>
</kw>
<kw name="Switch Window" library="SeleniumLibrary">
<arg>${curloc}</arg>
<doc>Switches to browser window matching ``locator``.</doc>
<status status="NOT RUN" starttime="20230921 18:55:36.416" endtime="20230921 18:55:36.416"/>
</kw>
<status status="NOT RUN" starttime="20230921 18:55:36.289" endtime="20230921 18:55:36.417"/>
</iter>
<status status="NOT RUN" starttime="20230921 18:55:36.289" endtime="20230921 18:55:36.417"/>
</for>
<status status="FAIL" starttime="20230921 18:53:45.134" endtime="20230921 18:55:36.417"/>
</kw>
<status status="FAIL" starttime="20230921 18:53:45.118" endtime="20230921 18:55:37.391">Variable '${SearchProduct}' not found. Did you mean:
    ${SearcProduct}</status>
</test>
<status status="FAIL" starttime="20230921 18:53:35.963" endtime="20230921 18:55:37.575"/>
</suite>
<statistics>
<total>
<stat pass="0" fail="1" skip="0">All Tests</stat>
</total>
<tag>
</tag>
<suite>
<stat pass="0" fail="1" skip="0" id="s1" name="Test">Test</stat>
</suite>
</statistics>
<errors>
</errors>
</robot>
