<?xml version="1.0" encoding="UTF-8"?>
<robot generator="Robot 6.1 (Python 3.9.11 on win32)" generated="20230921 15:29:44.406" rpa="false" schemaversion="4">
<suite id="s1" name="Demo" source="C:\Users\DELL\PycharmProjects\robotframework\automation\demo.robot">
<test id="s1-t1" name="amazon" line="10">
<kw name="Oepn browser">
<arg>${url}</arg>
<arg>${browser}</arg>
<kw name="Open Browser" library="SeleniumLibrary">
<arg>${url}</arg>
<arg>${browser}</arg>
<doc>Opens a new browser instance to the optional ``url``.</doc>
<msg timestamp="20230921 15:29:48.922" level="INFO">Opening browser 'chrome' to base url 'https://www.amazon.in/s?k=dell+computers&amp;i=electronics&amp;rh=p_36%3A3000000-5000000&amp;qid=1695272769&amp;rnid=1318502031&amp;ref=sr_nr_p_36_5'.</msg>
<status status="PASS" starttime="20230921 15:29:48.922" endtime="20230921 15:31:47.840"/>
</kw>
<kw name="Set Selenium Implicit Wait" library="SeleniumLibrary">
<arg>10</arg>
<doc>Sets the implicit wait value used by Selenium.</doc>
<status status="PASS" starttime="20230921 15:31:47.840" endtime="20230921 15:31:47.855"/>
</kw>
<status status="PASS" starttime="20230921 15:29:48.922" endtime="20230921 15:31:47.855"/>
</kw>
<kw name="Sleep" library="BuiltIn">
<arg>5</arg>
<doc>Pauses the test executed for the given time.</doc>
<msg timestamp="20230921 15:31:52.942" level="INFO">Slept 5 seconds</msg>
<status status="PASS" starttime="20230921 15:31:47.863" endtime="20230921 15:31:52.943"/>
</kw>
<kw name="Items with rating 5">
<kw name="Get Element Count" library="SeleniumLibrary">
<var>${5ratingcount}</var>
<arg>${count_5_stars_rating}</arg>
<doc>Returns the number of elements matching ``locator``.</doc>
<msg timestamp="20230921 15:32:03.210" level="INFO">${5ratingcount} = 0</msg>
<status status="PASS" starttime="20230921 15:31:52.943" endtime="20230921 15:32:03.218"/>
</kw>
<kw name="Get Title" library="SeleniumLibrary">
<var>${curloc}</var>
<doc>Returns the title of the current page.</doc>
<msg timestamp="20230921 15:32:03.243" level="INFO">${curloc} = Amazon.in : dell computers</msg>
<status status="PASS" starttime="20230921 15:32:03.218" endtime="20230921 15:32:03.243"/>
</kw>
<kw name="Log To Console" library="BuiltIn">
<arg>Number of 5 stars products count is: ${5ratingcount}</arg>
<doc>Logs the given message to the console.</doc>
<status status="PASS" starttime="20230921 15:32:03.243" endtime="20230921 15:32:03.243"/>
</kw>
<kw name="Sleep" library="BuiltIn">
<arg>2</arg>
<doc>Pauses the test executed for the given time.</doc>
<msg timestamp="20230921 15:32:05.254" level="INFO">Slept 2 seconds</msg>
<status status="PASS" starttime="20230921 15:32:03.243" endtime="20230921 15:32:05.254"/>
</kw>
<kw name="Get Location" library="SeleniumLibrary">
<var>${currloc}</var>
<doc>Returns the current browser window URL.</doc>
<msg timestamp="20230921 15:32:05.344" level="INFO">${currloc} = https://www.amazon.in/s?k=dell+computers&amp;i=electronics&amp;rh=p_36%3A3000000-5000000&amp;qid=1695272769&amp;rnid=1318502031&amp;ref=sr_nr_p_36_5</msg>
<status status="PASS" starttime="20230921 15:32:05.254" endtime="20230921 15:32:05.344"/>
</kw>
<for flavor="IN RANGE">
<var>${i}</var>
<value>1</value>
<value>30</value>
<iter>
<var name="${i}">1</var>
<kw name="Get Text" library="SeleniumLibrary">
<var>${linkText}</var>
<arg>xpath:(//span[normalize-space()='5.0']//preceding::div[2])[${i}]</arg>
<doc>Returns the text value of the element identified by ``locator``.</doc>
<msg timestamp="20230921 15:32:16.758" level="INFO" html="true">&lt;/td&gt;&lt;/tr&gt;&lt;tr&gt;&lt;td colspan="3"&gt;&lt;a href="selenium-screenshot-60.png"&gt;&lt;img src="selenium-screenshot-60.png" width="800px"&gt;&lt;/a&gt;</msg>
<msg timestamp="20230921 15:32:16.758" level="FAIL">Element with locator 'xpath:(//span[normalize-space()='5.0']//preceding::div[2])[1]' not found.</msg>
<status status="FAIL" starttime="20230921 15:32:05.344" endtime="20230921 15:32:19.595"/>
</kw>
<kw name="Log To Console" library="BuiltIn">
<arg>${linkText}</arg>
<doc>Logs the given message to the console.</doc>
<status status="NOT RUN" starttime="20230921 15:32:19.595" endtime="20230921 15:32:19.595"/>
</kw>
<kw name="Scroll Element Into View" library="SeleniumLibrary">
<arg>xpath:(//span[normalize-space()='5.0']//preceding::div[2])[${i}]</arg>
<doc>Scrolls the element identified by ``locator`` into view.</doc>
<status status="NOT RUN" starttime="20230921 15:32:19.603" endtime="20230921 15:32:19.603"/>
</kw>
<kw name="Click Element" library="SeleniumLibrary">
<arg>xpath:(//span[normalize-space()='5.0']//preceding::div[2])[${i}]</arg>
<doc>Click the element identified by ``locator``.</doc>
<status status="NOT RUN" starttime="20230921 15:32:19.603" endtime="20230921 15:32:19.603"/>
</kw>
<kw name="Sleep" library="BuiltIn">
<arg>5</arg>
<doc>Pauses the test executed for the given time.</doc>
<status status="NOT RUN" starttime="20230921 15:32:19.603" endtime="20230921 15:32:19.603"/>
</kw>
<kw name="Switch Window" library="SeleniumLibrary">
<arg>${curloc}</arg>
<doc>Switches to browser window matching ``locator``.</doc>
<status status="NOT RUN" starttime="20230921 15:32:19.603" endtime="20230921 15:32:19.603"/>
</kw>
<status status="FAIL" starttime="20230921 15:32:05.344" endtime="20230921 15:32:19.603"/>
</iter>
<status status="FAIL" starttime="20230921 15:32:05.344" endtime="20230921 15:32:19.603"/>
</for>
<status status="FAIL" starttime="20230921 15:31:52.943" endtime="20230921 15:32:19.611"/>
</kw>
<status status="FAIL" starttime="20230921 15:29:48.922" endtime="20230921 15:32:19.611">Element with locator 'xpath:(//span[normalize-space()='5.0']//preceding::div[2])[1]' not found.</status>
</test>
<status status="FAIL" starttime="20230921 15:29:44.453" endtime="20230921 15:32:19.619"/>
</suite>
<statistics>
<total>
<stat pass="0" fail="1" skip="0">All Tests</stat>
</total>
<tag>
</tag>
<suite>
<stat pass="0" fail="1" skip="0" id="s1" name="Demo">Demo</stat>
</suite>
</statistics>
<errors>
</errors>
</robot>
